2018-05-19 18:38:00,946 [Worker-3] INFO  c.g.t.t.d.PublishedGradleVersions - Gradle version information cache is up-to-date. Trying to read.
2018-05-19 18:51:25,518 [Worker-18] INFO  o.e.m.c.i.l.LifecycleMappingFactory - Using org.eclipse.m2e.jdt.JarLifecycleMapping lifecycle mapping for MavenProject: com.school.utility:librarymanagementsystem:0.0.1-SNAPSHOT @ C:\POC\LibrarymanagementSystem\librarymanagementsystem\pom.xml.
2018-05-19 18:51:26,639 [Worker-18] INFO  o.e.m.j.i.AbstractJavaProjectConfigurator - Adding source folder /librarymanagementsystem/src/main/java
2018-05-19 18:51:26,641 [Worker-18] INFO  o.e.m.j.i.AbstractJavaProjectConfigurator - Adding resource folder /librarymanagementsystem/src/main/resources
2018-05-19 18:51:26,643 [Worker-18] INFO  o.e.m.j.i.AbstractJavaProjectConfigurator - Adding source folder /librarymanagementsystem/src/test/java
2018-05-19 18:51:26,643 [Worker-18] INFO  o.e.m.j.i.AbstractJavaProjectConfigurator - Adding resource folder /librarymanagementsystem/src/test/resources
2018-05-19 18:51:28,056 [Worker-19] WARN  o.e.m.c.i.embedder.EclipseLogger - Using platform encoding (Cp1252 actually) to copy filtered resources, i.e. build is platform dependent!
2018-05-19 18:51:28,063 [Worker-19] INFO  o.e.m.c.i.embedder.EclipseLogger - Copying 0 resource
2018-05-19 18:51:28,065 [Worker-19] WARN  o.e.m.c.i.embedder.EclipseLogger - Using platform encoding (Cp1252 actually) to copy filtered resources, i.e. build is platform dependent!
2018-05-19 18:51:28,067 [Worker-19] INFO  o.e.m.c.i.embedder.EclipseLogger - Copying 0 resource
2018-05-19 18:51:29,498 [Worker-15] WARN  o.e.m.c.i.embedder.EclipseLogger - Using platform encoding (Cp1252 actually) to copy filtered resources, i.e. build is platform dependent!
2018-05-19 18:51:29,501 [Worker-15] INFO  o.e.m.c.i.embedder.EclipseLogger - Copying 0 resource
2018-05-19 18:51:29,503 [Worker-15] WARN  o.e.m.c.i.embedder.EclipseLogger - Using platform encoding (Cp1252 actually) to copy filtered resources, i.e. build is platform dependent!
2018-05-19 18:51:29,506 [Worker-15] INFO  o.e.m.c.i.embedder.EclipseLogger - Copying 0 resource
2018-05-19 18:53:06,136 [Worker-17] WARN  o.e.m.c.i.embedder.EclipseLogger - Using platform encoding (Cp1252 actually) to copy filtered resources, i.e. build is platform dependent!
2018-05-19 18:53:06,143 [Worker-17] INFO  o.e.m.c.i.embedder.EclipseLogger - Copying 0 resource
2018-05-19 18:53:06,145 [Worker-17] WARN  o.e.m.c.i.embedder.EclipseLogger - Using platform encoding (Cp1252 actually) to copy filtered resources, i.e. build is platform dependent!
2018-05-19 18:53:06,146 [Worker-17] INFO  o.e.m.c.i.embedder.EclipseLogger - Copying 0 resource
2018-05-19 18:53:19,900 [Worker-15] WARN  o.e.m.c.i.embedder.EclipseLogger - Using platform encoding (Cp1252 actually) to copy filtered resources, i.e. build is platform dependent!
2018-05-19 18:53:19,902 [Worker-15] INFO  o.e.m.c.i.embedder.EclipseLogger - Copying 0 resource
2018-05-19 18:53:19,904 [Worker-15] WARN  o.e.m.c.i.embedder.EclipseLogger - Using platform encoding (Cp1252 actually) to copy filtered resources, i.e. build is platform dependent!
2018-05-19 18:53:19,905 [Worker-15] INFO  o.e.m.c.i.embedder.EclipseLogger - Copying 0 resource
2018-05-19 18:59:44,560 [main] INFO  o.e.m2e.actions.ExecutePomAction - Creating new launch configuration
2018-05-19 19:03:25,065 [Worker-24] INFO  o.e.m.i.launch.MavenLaunchDelegate - C:\POC\LibrarymanagementSystem\librarymanagementsystem
2018-05-19 19:03:25,066 [Worker-24] INFO  o.e.m.i.launch.MavenLaunchDelegate -  mvn -B -s C:\Users\st9637\.lms\settings.xml clean install
2018-05-19 19:08:13,449 [main] INFO  o.e.m.c.i.l.LifecycleMappingFactory - Using org.eclipse.m2e.jdt.JarLifecycleMapping lifecycle mapping for MavenProject: com.school.utility:librarymanagementsystem:0.0.1-SNAPSHOT @ C:\POC\LibrarymanagementSystem\librarymanagementsystem\pom.xml.
2018-05-19 19:09:36,121 [Worker-27] WARN  o.e.m.c.i.embedder.EclipseLogger - Using platform encoding (Cp1252 actually) to copy filtered resources, i.e. build is platform dependent!
2018-05-19 19:09:36,123 [Worker-27] INFO  o.e.m.c.i.embedder.EclipseLogger - Copying 0 resource
2018-05-19 19:09:36,125 [Worker-27] WARN  o.e.m.c.i.embedder.EclipseLogger - Using platform encoding (Cp1252 actually) to copy filtered resources, i.e. build is platform dependent!
2018-05-19 19:09:36,126 [Worker-27] INFO  o.e.m.c.i.embedder.EclipseLogger - Copying 0 resource
2018-05-19 19:12:00,502 [Worker-24] INFO  o.e.m.i.launch.MavenLaunchDelegate - C:\POC\LibrarymanagementSystem\librarymanagementsystem
2018-05-19 19:12:00,502 [Worker-24] INFO  o.e.m.i.launch.MavenLaunchDelegate -  mvn -B -s C:\Users\st9637\.lms\settings.xml clean install
2018-05-19 20:07:15,823 [Worker-47] INFO  o.e.m.c.i.e.AbstractTransferListenerAdapter - Downloading https://repo.maven.apache.org/maven2/org/springframework/boot/spring-boot-maven-plugin/maven-metadata.xml
2018-05-19 20:07:15,866 [Worker-47] INFO  o.e.m.c.i.e.AbstractTransferListenerAdapter - Downloaded https://repo.maven.apache.org/maven2/org/springframework/boot/spring-boot-maven-plugin/maven-metadata.xml
2018-05-19 20:07:15,899 [Worker-47] INFO  o.e.m.c.i.e.AbstractTransferListenerAdapter - Downloading https://repo.maven.apache.org/maven2/org/springframework/boot/spring-boot-maven-plugin/2.0.2.RELEASE/spring-boot-maven-plugin-2.0.2.RELEASE.pom
2018-05-19 20:07:15,948 [Worker-47] INFO  o.e.m.c.i.e.AbstractTransferListenerAdapter - Downloaded https://repo.maven.apache.org/maven2/org/springframework/boot/spring-boot-maven-plugin/2.0.2.RELEASE/spring-boot-maven-plugin-2.0.2.RELEASE.pom
2018-05-19 20:07:15,979 [Worker-47] INFO  o.e.m.c.i.e.AbstractTransferListenerAdapter - Downloading https://repo.maven.apache.org/maven2/org/springframework/boot/spring-boot-tools/2.0.2.RELEASE/spring-boot-tools-2.0.2.RELEASE.pom
2018-05-19 20:07:16,014 [Worker-47] INFO  o.e.m.c.i.e.AbstractTransferListenerAdapter - Downloaded https://repo.maven.apache.org/maven2/org/springframework/boot/spring-boot-tools/2.0.2.RELEASE/spring-boot-tools-2.0.2.RELEASE.pom
2018-05-19 20:07:16,041 [Worker-47] INFO  o.e.m.c.i.e.AbstractTransferListenerAdapter - Downloading https://repo.maven.apache.org/maven2/org/springframework/boot/spring-boot-parent/2.0.2.RELEASE/spring-boot-parent-2.0.2.RELEASE.pom
2018-05-19 20:07:16,077 [Worker-47] INFO  o.e.m.c.i.e.AbstractTransferListenerAdapter - Downloaded https://repo.maven.apache.org/maven2/org/springframework/boot/spring-boot-parent/2.0.2.RELEASE/spring-boot-parent-2.0.2.RELEASE.pom
2018-05-19 20:07:16,104 [Worker-47] INFO  o.e.m.c.i.e.AbstractTransferListenerAdapter - Downloading https://repo.maven.apache.org/maven2/org/springframework/boot/spring-boot-dependencies/2.0.2.RELEASE/spring-boot-dependencies-2.0.2.RELEASE.pom
2018-05-19 20:07:16,230 [Worker-47] INFO  o.e.m.c.i.e.AbstractTransferListenerAdapter - Downloaded https://repo.maven.apache.org/maven2/org/springframework/boot/spring-boot-dependencies/2.0.2.RELEASE/spring-boot-dependencies-2.0.2.RELEASE.pom
2018-05-19 20:07:16,326 [Worker-47] INFO  o.e.m.c.i.e.AbstractTransferListenerAdapter - Downloading https://repo.maven.apache.org/maven2/io/netty/netty-bom/4.1.24.Final/netty-bom-4.1.24.Final.pom
2018-05-19 20:07:16,363 [Worker-47] INFO  o.e.m.c.i.e.AbstractTransferListenerAdapter - Downloaded https://repo.maven.apache.org/maven2/io/netty/netty-bom/4.1.24.Final/netty-bom-4.1.24.Final.pom
2018-05-19 20:07:16,423 [Worker-47] INFO  o.e.m.c.i.e.AbstractTransferListenerAdapter - Downloading https://repo.maven.apache.org/maven2/io/projectreactor/reactor-bom/Bismuth-SR9/reactor-bom-Bismuth-SR9.pom
2018-05-19 20:07:16,458 [Worker-47] INFO  o.e.m.c.i.e.AbstractTransferListenerAdapter - Downloaded https://repo.maven.apache.org/maven2/io/projectreactor/reactor-bom/Bismuth-SR9/reactor-bom-Bismuth-SR9.pom
2018-05-19 20:07:16,535 [Worker-47] INFO  o.e.m.c.i.e.AbstractTransferListenerAdapter - Downloading https://repo.maven.apache.org/maven2/org/eclipse/jetty/jetty-bom/9.4.10.v20180503/jetty-bom-9.4.10.v20180503.pom
2018-05-19 20:07:16,579 [Worker-47] INFO  o.e.m.c.i.e.AbstractTransferListenerAdapter - Downloaded https://repo.maven.apache.org/maven2/org/eclipse/jetty/jetty-bom/9.4.10.v20180503/jetty-bom-9.4.10.v20180503.pom
2018-05-19 20:07:16,608 [Worker-47] INFO  o.e.m.c.i.e.AbstractTransferListenerAdapter - Downloading https://repo.maven.apache.org/maven2/org/springframework/spring-framework-bom/5.0.6.RELEASE/spring-framework-bom-5.0.6.RELEASE.pom
2018-05-19 20:07:16,645 [Worker-47] INFO  o.e.m.c.i.e.AbstractTransferListenerAdapter - Downloaded https://repo.maven.apache.org/maven2/org/springframework/spring-framework-bom/5.0.6.RELEASE/spring-framework-bom-5.0.6.RELEASE.pom
2018-05-19 20:07:16,675 [Worker-47] INFO  o.e.m.c.i.e.AbstractTransferListenerAdapter - Downloading https://repo.maven.apache.org/maven2/org/springframework/data/spring-data-releasetrain/Kay-SR7/spring-data-releasetrain-Kay-SR7.pom
2018-05-19 20:07:16,713 [Worker-47] INFO  o.e.m.c.i.e.AbstractTransferListenerAdapter - Downloaded https://repo.maven.apache.org/maven2/org/springframework/data/spring-data-releasetrain/Kay-SR7/spring-data-releasetrain-Kay-SR7.pom
2018-05-19 20:07:16,747 [Worker-47] INFO  o.e.m.c.i.e.AbstractTransferListenerAdapter - Downloading https://repo.maven.apache.org/maven2/org/springframework/data/build/spring-data-build/2.0.7.RELEASE/spring-data-build-2.0.7.RELEASE.pom
2018-05-19 20:07:16,785 [Worker-47] INFO  o.e.m.c.i.e.AbstractTransferListenerAdapter - Downloaded https://repo.maven.apache.org/maven2/org/springframework/data/build/spring-data-build/2.0.7.RELEASE/spring-data-build-2.0.7.RELEASE.pom
2018-05-19 20:07:16,816 [Worker-47] INFO  o.e.m.c.i.e.AbstractTransferListenerAdapter - Downloading https://repo.maven.apache.org/maven2/org/springframework/integration/spring-integration-bom/5.0.5.RELEASE/spring-integration-bom-5.0.5.RELEASE.pom
2018-05-19 20:07:16,857 [Worker-47] INFO  o.e.m.c.i.e.AbstractTransferListenerAdapter - Downloaded https://repo.maven.apache.org/maven2/org/springframework/integration/spring-integration-bom/5.0.5.RELEASE/spring-integration-bom-5.0.5.RELEASE.pom
2018-05-19 20:07:16,887 [Worker-47] INFO  o.e.m.c.i.e.AbstractTransferListenerAdapter - Downloading https://repo.maven.apache.org/maven2/org/springframework/security/spring-security-bom/5.0.5.RELEASE/spring-security-bom-5.0.5.RELEASE.pom
2018-05-19 20:07:16,939 [Worker-47] INFO  o.e.m.c.i.e.AbstractTransferListenerAdapter - Downloaded https://repo.maven.apache.org/maven2/org/springframework/security/spring-security-bom/5.0.5.RELEASE/spring-security-bom-5.0.5.RELEASE.pom
2018-05-19 20:07:16,970 [Worker-47] INFO  o.e.m.c.i.e.AbstractTransferListenerAdapter - Downloading https://repo.maven.apache.org/maven2/org/springframework/session/spring-session-bom/Apple-SR2/spring-session-bom-Apple-SR2.pom
2018-05-19 20:07:17,008 [Worker-47] INFO  o.e.m.c.i.e.AbstractTransferListenerAdapter - Downloaded https://repo.maven.apache.org/maven2/org/springframework/session/spring-session-bom/Apple-SR2/spring-session-bom-Apple-SR2.pom
2018-05-19 20:07:17,044 [Worker-47] INFO  o.e.m.c.i.e.AbstractTransferListenerAdapter - Downloading https://repo.maven.apache.org/maven2/org/springframework/boot/spring-boot-maven-plugin/2.0.2.RELEASE/spring-boot-maven-plugin-2.0.2.RELEASE.jar
2018-05-19 20:07:17,100 [Worker-47] INFO  o.e.m.c.i.e.AbstractTransferListenerAdapter - Downloaded https://repo.maven.apache.org/maven2/org/springframework/boot/spring-boot-maven-plugin/2.0.2.RELEASE/spring-boot-maven-plugin-2.0.2.RELEASE.jar
2018-05-19 20:07:17,910 [Worker-47] INFO  o.e.m.c.i.l.LifecycleMappingFactory - Using org.eclipse.m2e.jdt.JarLifecycleMapping lifecycle mapping for MavenProject: com.school.utility:librarymanagementsystem:0.0.1-SNAPSHOT @ C:\POC\LibrarymanagementSystem\librarymanagementsystem\pom.xml.
